<?xml version="1.0" encoding="UTF-8"?>
<!-- Generated by org.testng.reporters.JUnitReportReporter -->
<testsuite hostname="LAPTOP-LK6NUIP6" failures="0" tests="10" name="Game2048Suite" time="57.970" errors="0" timestamp="10 May 2020 16:14:57 GMT" skipped="0">
  <testcase classname="Game2048Suite" name="testInternetConnection" time="10.563"/>
  <testcase classname="Game2048Suite" name="testScreenItems" time="6.021"/>
  <testcase classname="Game2048Suite" name="testDragActions" time="3.734"/>
  <testcase classname="Game2048Suite" name="testLongClickGesture" time="2.209"/>
  <testcase classname="Game2048Suite" name="testAllSwipes" time="22.554"/>
  <testcase classname="Game2048Suite" name="testScreenshots" time="2.646"/>
  <testcase classname="Game2048Suite" name="testSoftKeyboard" time="0.194"/>
  <testcase classname="Game2048Suite" name="testHardwareButtons" time="2.966"/>
  <testcase classname="Game2048Suite" name="testMultiTouchActions" time="4.484"/>
  <testcase classname="Game2048Suite" name="testNotificationsBar" time="2.599"/>
</testsuite> <!-- Game2048Suite -->
