<?xml version="1.0" encoding="UTF-8"?>
<!-- Generated by org.testng.reporters.JUnitReportReporter -->
<testsuite hostname="LAPTOP-LK6NUIP6" failures="0" tests="10" name="DroidWeightSuite" time="40.532" errors="0" timestamp="01 Jun 2020 18:24:48 GMT" skipped="0">
  <testcase classname="DroidWeightSuite" name="testScreenItems" time="7.215"/>
  <testcase classname="DroidWeightSuite" name="testInternetConnection" time="8.271"/>
  <testcase classname="DroidWeightSuite" name="testLongClickGesture" time="6.434"/>
  <testcase classname="DroidWeightSuite" name="testScreenshots" time="2.517"/>
  <testcase classname="DroidWeightSuite" name="testSoftKeyboard" time="0.151"/>
  <testcase classname="DroidWeightSuite" name="testHardwareButtons" time="1.591"/>
  <testcase classname="DroidWeightSuite" name="testMultiTouchActions" time="4.520"/>
  <testcase classname="DroidWeightSuite" name="testNotificationsBar" time="2.573"/>
  <testcase classname="DroidWeightSuite" name="testSwipes" time="3.678"/>
  <testcase classname="DroidWeightSuite" name="testDragActions" time="3.582"/>
</testsuite> <!-- DroidWeightSuite -->
